<?xml version="1.0" encoding="UTF-8"?>
<robot generator="Robot 4.0 (Python 3.9.2 on win32)" generated="20210326 15:28:45.789" rpa="false" schemaversion="2">
<suite id="s1" name="Datadrivenusingcsv" source="C:\Users\rvadi\PycharmProjects\pythonProject\Automation\TestCases\datadrivenusingcsv.robot">
<kw name="Open my Browser" library="Login_Resources" type="SETUP">
<kw name="Open Browser" library="SeleniumLibrary">
<arg>${LOGIN URL}</arg>
<arg>${BROWSER}</arg>
<doc>Opens a new browser instance to the given ``url``.</doc>
<msg timestamp="20210326 15:28:46.123" level="INFO">Opening browser 'Chrome' to base url 'https://admin-demo.nopcommerce.com/login'.</msg>
<status status="PASS" starttime="20210326 15:28:46.115" endtime="20210326 15:28:50.006"/>
</kw>
<kw name="Maximize Browser Window" library="SeleniumLibrary">
<doc>Maximizes current browser window.</doc>
<status status="PASS" starttime="20210326 15:28:50.007" endtime="20210326 15:28:50.139"/>
</kw>
<status status="PASS" starttime="20210326 15:28:46.115" endtime="20210326 15:28:50.139"/>
</kw>
<test id="s1-t1" name="Login test with csv using admin@admin.com and Admin">
<kw name="Invalid Login">
<arg>admin@admin.com</arg>
<arg>Admin</arg>
<kw name="Input User name" library="Login_Resources">
<arg>${username}</arg>
<kw name="Input Text" library="SeleniumLibrary">
<arg>id:Email</arg>
<arg>${username}</arg>
<doc>Types the given ``text`` into text field identified by ``locator``.</doc>
<msg timestamp="20210326 15:28:50.144" level="INFO">Typing text 'admin@admin.com' into text field 'id:Email'.</msg>
<status status="PASS" starttime="20210326 15:28:50.139" endtime="20210326 15:28:50.367"/>
</kw>
<status status="PASS" starttime="20210326 15:28:50.139" endtime="20210326 15:28:50.367"/>
</kw>
<kw name="Input Password" library="Login_Resources">
<arg>${password}</arg>
<kw name="Input Text" library="SeleniumLibrary">
<arg>id:Password</arg>
<arg>${password}</arg>
<doc>Types the given ``text`` into text field identified by ``locator``.</doc>
<msg timestamp="20210326 15:28:50.367" level="INFO">Typing text 'Admin' into text field 'id:Password'.</msg>
<status status="PASS" starttime="20210326 15:28:50.367" endtime="20210326 15:28:50.554"/>
</kw>
<status status="PASS" starttime="20210326 15:28:50.367" endtime="20210326 15:28:50.555"/>
</kw>
<kw name="Click Login Button" library="Login_Resources">
<kw name="Click Element" library="SeleniumLibrary">
<arg>xpath://button[contains(text(),'Log in')]</arg>
<doc>Click element identified by ``locator``.</doc>
<msg timestamp="20210326 15:28:50.556" level="INFO">Clicking element 'xpath://button[contains(text(),'Log in')]'.</msg>
<status status="PASS" starttime="20210326 15:28:50.556" endtime="20210326 15:28:51.851"/>
</kw>
<status status="PASS" starttime="20210326 15:28:50.555" endtime="20210326 15:28:51.852"/>
</kw>
<kw name="Error message should be visible" library="Login_Resources">
<kw name="Page Should Contain" library="SeleniumLibrary">
<arg>Login was unsuccessful</arg>
<doc>Verifies that current page contains ``text``.</doc>
<msg timestamp="20210326 15:28:51.884" level="INFO">Current page contains text 'Login was unsuccessful'.</msg>
<status status="PASS" starttime="20210326 15:28:51.857" endtime="20210326 15:28:51.885"/>
</kw>
<status status="PASS" starttime="20210326 15:28:51.853" endtime="20210326 15:28:51.885"/>
</kw>
<status status="PASS" starttime="20210326 15:28:50.139" endtime="20210326 15:28:51.885"/>
</kw>
<status status="PASS" starttime="20210326 15:28:50.139" endtime="20210326 15:28:51.888"/>
</test>
<test id="s1-t2" name="Login test with csv using admin1@gmail.com and Adminn">
<kw name="Invalid Login">
<arg>admin1@gmail.com</arg>
<arg>Adminn</arg>
<kw name="Input User name" library="Login_Resources">
<arg>${username}</arg>
<kw name="Input Text" library="SeleniumLibrary">
<arg>id:Email</arg>
<arg>${username}</arg>
<doc>Types the given ``text`` into text field identified by ``locator``.</doc>
<msg timestamp="20210326 15:28:51.897" level="INFO">Typing text 'admin1@gmail.com' into text field 'id:Email'.</msg>
<status status="PASS" starttime="20210326 15:28:51.897" endtime="20210326 15:28:52.076"/>
</kw>
<status status="PASS" starttime="20210326 15:28:51.896" endtime="20210326 15:28:52.076"/>
</kw>
<kw name="Input Password" library="Login_Resources">
<arg>${password}</arg>
<kw name="Input Text" library="SeleniumLibrary">
<arg>id:Password</arg>
<arg>${password}</arg>
<doc>Types the given ``text`` into text field identified by ``locator``.</doc>
<msg timestamp="20210326 15:28:52.076" level="INFO">Typing text 'Adminn' into text field 'id:Password'.</msg>
<status status="PASS" starttime="20210326 15:28:52.076" endtime="20210326 15:28:52.237"/>
</kw>
<status status="PASS" starttime="20210326 15:28:52.076" endtime="20210326 15:28:52.238"/>
</kw>
<kw name="Click Login Button" library="Login_Resources">
<kw name="Click Element" library="SeleniumLibrary">
<arg>xpath://button[contains(text(),'Log in')]</arg>
<doc>Click element identified by ``locator``.</doc>
<msg timestamp="20210326 15:28:52.239" level="INFO">Clicking element 'xpath://button[contains(text(),'Log in')]'.</msg>
<status status="PASS" starttime="20210326 15:28:52.239" endtime="20210326 15:28:53.428"/>
</kw>
<status status="PASS" starttime="20210326 15:28:52.238" endtime="20210326 15:28:53.429"/>
</kw>
<kw name="Error message should be visible" library="Login_Resources">
<kw name="Page Should Contain" library="SeleniumLibrary">
<arg>Login was unsuccessful</arg>
<doc>Verifies that current page contains ``text``.</doc>
<msg timestamp="20210326 15:28:53.447" level="INFO">Current page contains text 'Login was unsuccessful'.</msg>
<status status="PASS" starttime="20210326 15:28:53.429" endtime="20210326 15:28:53.447"/>
</kw>
<status status="PASS" starttime="20210326 15:28:53.429" endtime="20210326 15:28:53.447"/>
</kw>
<status status="PASS" starttime="20210326 15:28:51.893" endtime="20210326 15:28:53.447"/>
</kw>
<status status="PASS" starttime="20210326 15:28:51.892" endtime="20210326 15:28:53.447"/>
</test>
<test id="s1-t3" name="Login test with csv using admin123@admin.com and adm">
<kw name="Invalid Login">
<arg>admin123@admin.com</arg>
<arg>adm</arg>
<kw name="Input User name" library="Login_Resources">
<arg>${username}</arg>
<kw name="Input Text" library="SeleniumLibrary">
<arg>id:Email</arg>
<arg>${username}</arg>
<doc>Types the given ``text`` into text field identified by ``locator``.</doc>
<msg timestamp="20210326 15:28:53.451" level="INFO">Typing text 'admin123@admin.com' into text field 'id:Email'.</msg>
<status status="PASS" starttime="20210326 15:28:53.451" endtime="20210326 15:28:53.651"/>
</kw>
<status status="PASS" starttime="20210326 15:28:53.451" endtime="20210326 15:28:53.651"/>
</kw>
<kw name="Input Password" library="Login_Resources">
<arg>${password}</arg>
<kw name="Input Text" library="SeleniumLibrary">
<arg>id:Password</arg>
<arg>${password}</arg>
<doc>Types the given ``text`` into text field identified by ``locator``.</doc>
<msg timestamp="20210326 15:28:53.653" level="INFO">Typing text 'adm' into text field 'id:Password'.</msg>
<status status="PASS" starttime="20210326 15:28:53.652" endtime="20210326 15:28:53.808"/>
</kw>
<status status="PASS" starttime="20210326 15:28:53.651" endtime="20210326 15:28:53.809"/>
</kw>
<kw name="Click Login Button" library="Login_Resources">
<kw name="Click Element" library="SeleniumLibrary">
<arg>xpath://button[contains(text(),'Log in')]</arg>
<doc>Click element identified by ``locator``.</doc>
<msg timestamp="20210326 15:28:53.809" level="INFO">Clicking element 'xpath://button[contains(text(),'Log in')]'.</msg>
<status status="PASS" starttime="20210326 15:28:53.809" endtime="20210326 15:28:54.966"/>
</kw>
<status status="PASS" starttime="20210326 15:28:53.809" endtime="20210326 15:28:54.967"/>
</kw>
<kw name="Error message should be visible" library="Login_Resources">
<kw name="Page Should Contain" library="SeleniumLibrary">
<arg>Login was unsuccessful</arg>
<doc>Verifies that current page contains ``text``.</doc>
<msg timestamp="20210326 15:28:54.991" level="INFO">Current page contains text 'Login was unsuccessful'.</msg>
<status status="PASS" starttime="20210326 15:28:54.969" endtime="20210326 15:28:54.991"/>
</kw>
<status status="PASS" starttime="20210326 15:28:54.967" endtime="20210326 15:28:54.992"/>
</kw>
<status status="PASS" starttime="20210326 15:28:53.451" endtime="20210326 15:28:54.992"/>
</kw>
<status status="PASS" starttime="20210326 15:28:53.450" endtime="20210326 15:28:54.994"/>
</test>
<kw name="Close Browser" library="Login_Resources" type="TEARDOWN">
<kw name="Close All Browsers" library="SeleniumLibrary">
<doc>Closes all open browsers and resets the browser cache.</doc>
<status status="PASS" starttime="20210326 15:28:54.996" endtime="20210326 15:28:57.442"/>
</kw>
<status status="PASS" starttime="20210326 15:28:54.996" endtime="20210326 15:28:57.442"/>
</kw>
<status status="PASS" starttime="20210326 15:28:45.794" endtime="20210326 15:28:57.442"/>
</suite>
<statistics>
<total>
<stat pass="3" fail="0" skip="0">All Tests</stat>
</total>
<tag>
</tag>
<suite>
<stat pass="3" fail="0" skip="0" id="s1" name="Datadrivenusingcsv">Datadrivenusingcsv</stat>
</suite>
</statistics>
<errors>
</errors>
</robot>
