<?xml version="1.0" encoding="UTF-8"?>
<robot generator="Robot 3.2.2 (Python 3.9.2 on win32)" generated="20210329 09:34:52.560" rpa="false">
<suite id="s1" name="Suites">
<suite id="s1-s1" name="Datadrivenusingcsv" source="C:\Users\rvadi\PycharmProjects\pythonProject\Automation\TestCases\datadrivenusingcsv.robot">
<kw name="Open my Browser" library="Login_Resources" type="setup">
<kw name="Open Browser" library="SeleniumLibrary">
<doc>Opens a new browser instance to the given ``url``.</doc>
<arguments>
<arg>${LOGIN URL}</arg>
<arg>${BROWSER}</arg>
</arguments>
<msg timestamp="20210329 09:34:52.852" level="INFO">Opening browser 'headlessChrome' to base url 'https://admin-demo.nopcommerce.com/login'.</msg>
<status status="PASS" starttime="20210329 09:34:52.852" endtime="20210329 09:34:55.783"></status>
</kw>
<kw name="Maximize Browser Window" library="SeleniumLibrary">
<doc>Maximizes current browser window.</doc>
<status status="PASS" starttime="20210329 09:34:55.783" endtime="20210329 09:34:55.903"></status>
</kw>
<status status="PASS" starttime="20210329 09:34:52.852" endtime="20210329 09:34:55.903"></status>
</kw>
<test id="s1-s1-t1" name="Login test with csv using admin@admin.com and Admin">
<kw name="Invalid Login">
<arguments>
<arg>admin@admin.com</arg>
<arg>Admin</arg>
</arguments>
<kw name="Input User name" library="Login_Resources">
<arguments>
<arg>${username}</arg>
</arguments>
<kw name="Input Text" library="SeleniumLibrary">
<doc>Types the given ``text`` into text field identified by ``locator``.</doc>
<arguments>
<arg>id:Email</arg>
<arg>${username}</arg>
</arguments>
<msg timestamp="20210329 09:34:55.909" level="INFO">Typing text 'admin@admin.com' into text field 'id:Email'.</msg>
<status status="PASS" starttime="20210329 09:34:55.909" endtime="20210329 09:34:56.094"></status>
</kw>
<status status="PASS" starttime="20210329 09:34:55.903" endtime="20210329 09:34:56.095"></status>
</kw>
<kw name="Input Password" library="Login_Resources">
<arguments>
<arg>${password}</arg>
</arguments>
<kw name="Input Text" library="SeleniumLibrary">
<doc>Types the given ``text`` into text field identified by ``locator``.</doc>
<arguments>
<arg>id:Password</arg>
<arg>${password}</arg>
</arguments>
<msg timestamp="20210329 09:34:56.096" level="INFO">Typing text 'Admin' into text field 'id:Password'.</msg>
<status status="PASS" starttime="20210329 09:34:56.096" endtime="20210329 09:34:56.260"></status>
</kw>
<status status="PASS" starttime="20210329 09:34:56.095" endtime="20210329 09:34:56.260"></status>
</kw>
<kw name="Click Login Button" library="Login_Resources">
<kw name="Click Element" library="SeleniumLibrary">
<doc>Click element identified by ``locator``.</doc>
<arguments>
<arg>xpath://button[contains(text(),'Log in')]</arg>
</arguments>
<msg timestamp="20210329 09:34:56.262" level="INFO">Clicking element 'xpath://button[contains(text(),'Log in')]'.</msg>
<status status="PASS" starttime="20210329 09:34:56.262" endtime="20210329 09:34:56.745"></status>
</kw>
<status status="PASS" starttime="20210329 09:34:56.261" endtime="20210329 09:34:56.745"></status>
</kw>
<kw name="Error message should be visible" library="Login_Resources">
<kw name="Page Should Contain" library="SeleniumLibrary">
<doc>Verifies that current page contains ``text``.</doc>
<arguments>
<arg>Login was unsuccessful</arg>
</arguments>
<msg timestamp="20210329 09:34:56.772" level="INFO">Current page contains text 'Login was unsuccessful'.</msg>
<status status="PASS" starttime="20210329 09:34:56.746" endtime="20210329 09:34:56.772"></status>
</kw>
<status status="PASS" starttime="20210329 09:34:56.746" endtime="20210329 09:34:56.773"></status>
</kw>
<status status="PASS" starttime="20210329 09:34:55.903" endtime="20210329 09:34:56.773"></status>
</kw>
<status status="PASS" starttime="20210329 09:34:55.903" endtime="20210329 09:34:56.773" critical="yes"></status>
</test>
<test id="s1-s1-t2" name="Login test with csv using admin1@gmail.com and Adminn">
<kw name="Invalid Login">
<arguments>
<arg>admin1@gmail.com</arg>
<arg>Adminn</arg>
</arguments>
<kw name="Input User name" library="Login_Resources">
<arguments>
<arg>${username}</arg>
</arguments>
<kw name="Input Text" library="SeleniumLibrary">
<doc>Types the given ``text`` into text field identified by ``locator``.</doc>
<arguments>
<arg>id:Email</arg>
<arg>${username}</arg>
</arguments>
<msg timestamp="20210329 09:34:56.778" level="INFO">Typing text 'admin1@gmail.com' into text field 'id:Email'.</msg>
<status status="PASS" starttime="20210329 09:34:56.778" endtime="20210329 09:34:56.944"></status>
</kw>
<status status="PASS" starttime="20210329 09:34:56.777" endtime="20210329 09:34:56.944"></status>
</kw>
<kw name="Input Password" library="Login_Resources">
<arguments>
<arg>${password}</arg>
</arguments>
<kw name="Input Text" library="SeleniumLibrary">
<doc>Types the given ``text`` into text field identified by ``locator``.</doc>
<arguments>
<arg>id:Password</arg>
<arg>${password}</arg>
</arguments>
<msg timestamp="20210329 09:34:56.945" level="INFO">Typing text 'Adminn' into text field 'id:Password'.</msg>
<status status="PASS" starttime="20210329 09:34:56.945" endtime="20210329 09:34:57.096"></status>
</kw>
<status status="PASS" starttime="20210329 09:34:56.944" endtime="20210329 09:34:57.096"></status>
</kw>
<kw name="Click Login Button" library="Login_Resources">
<kw name="Click Element" library="SeleniumLibrary">
<doc>Click element identified by ``locator``.</doc>
<arguments>
<arg>xpath://button[contains(text(),'Log in')]</arg>
</arguments>
<msg timestamp="20210329 09:34:57.097" level="INFO">Clicking element 'xpath://button[contains(text(),'Log in')]'.</msg>
<status status="PASS" starttime="20210329 09:34:57.097" endtime="20210329 09:34:57.502"></status>
</kw>
<status status="PASS" starttime="20210329 09:34:57.096" endtime="20210329 09:34:57.502"></status>
</kw>
<kw name="Error message should be visible" library="Login_Resources">
<kw name="Page Should Contain" library="SeleniumLibrary">
<doc>Verifies that current page contains ``text``.</doc>
<arguments>
<arg>Login was unsuccessful</arg>
</arguments>
<msg timestamp="20210329 09:34:57.521" level="INFO">Current page contains text 'Login was unsuccessful'.</msg>
<status status="PASS" starttime="20210329 09:34:57.503" endtime="20210329 09:34:57.522"></status>
</kw>
<status status="PASS" starttime="20210329 09:34:57.502" endtime="20210329 09:34:57.522"></status>
</kw>
<status status="PASS" starttime="20210329 09:34:56.776" endtime="20210329 09:34:57.522"></status>
</kw>
<status status="PASS" starttime="20210329 09:34:56.775" endtime="20210329 09:34:57.523" critical="yes"></status>
</test>
<test id="s1-s1-t3" name="Login test with csv using admin123@admin.com and adm">
<kw name="Invalid Login">
<arguments>
<arg>admin123@admin.com</arg>
<arg>adm</arg>
</arguments>
<kw name="Input User name" library="Login_Resources">
<arguments>
<arg>${username}</arg>
</arguments>
<kw name="Input Text" library="SeleniumLibrary">
<doc>Types the given ``text`` into text field identified by ``locator``.</doc>
<arguments>
<arg>id:Email</arg>
<arg>${username}</arg>
</arguments>
<msg timestamp="20210329 09:34:57.527" level="INFO">Typing text 'admin123@admin.com' into text field 'id:Email'.</msg>
<status status="PASS" starttime="20210329 09:34:57.527" endtime="20210329 09:34:57.696"></status>
</kw>
<status status="PASS" starttime="20210329 09:34:57.526" endtime="20210329 09:34:57.697"></status>
</kw>
<kw name="Input Password" library="Login_Resources">
<arguments>
<arg>${password}</arg>
</arguments>
<kw name="Input Text" library="SeleniumLibrary">
<doc>Types the given ``text`` into text field identified by ``locator``.</doc>
<arguments>
<arg>id:Password</arg>
<arg>${password}</arg>
</arguments>
<msg timestamp="20210329 09:34:57.699" level="INFO">Typing text 'adm' into text field 'id:Password'.</msg>
<status status="PASS" starttime="20210329 09:34:57.698" endtime="20210329 09:34:57.849"></status>
</kw>
<status status="PASS" starttime="20210329 09:34:57.697" endtime="20210329 09:34:57.850"></status>
</kw>
<kw name="Click Login Button" library="Login_Resources">
<kw name="Click Element" library="SeleniumLibrary">
<doc>Click element identified by ``locator``.</doc>
<arguments>
<arg>xpath://button[contains(text(),'Log in')]</arg>
</arguments>
<msg timestamp="20210329 09:34:57.852" level="INFO">Clicking element 'xpath://button[contains(text(),'Log in')]'.</msg>
<status status="PASS" starttime="20210329 09:34:57.851" endtime="20210329 09:34:58.475"></status>
</kw>
<status status="PASS" starttime="20210329 09:34:57.850" endtime="20210329 09:34:58.475"></status>
</kw>
<kw name="Error message should be visible" library="Login_Resources">
<kw name="Page Should Contain" library="SeleniumLibrary">
<doc>Verifies that current page contains ``text``.</doc>
<arguments>
<arg>Login was unsuccessful</arg>
</arguments>
<msg timestamp="20210329 09:34:58.496" level="INFO">Current page contains text 'Login was unsuccessful'.</msg>
<status status="PASS" starttime="20210329 09:34:58.476" endtime="20210329 09:34:58.496"></status>
</kw>
<status status="PASS" starttime="20210329 09:34:58.475" endtime="20210329 09:34:58.497"></status>
</kw>
<status status="PASS" starttime="20210329 09:34:57.525" endtime="20210329 09:34:58.497"></status>
</kw>
<status status="PASS" starttime="20210329 09:34:57.524" endtime="20210329 09:34:58.497" critical="yes"></status>
</test>
<kw name="Close Browser" library="Login_Resources" type="teardown">
<kw name="Close All Browsers" library="SeleniumLibrary">
<doc>Closes all open browsers and resets the browser cache.</doc>
<status status="PASS" starttime="20210329 09:34:58.499" endtime="20210329 09:35:00.639"></status>
</kw>
<status status="PASS" starttime="20210329 09:34:58.498" endtime="20210329 09:35:00.639"></status>
</kw>
<status status="PASS" starttime="20210329 09:34:52.598" endtime="20210329 09:35:00.639"></status>
</suite>
<status status="PASS" starttime="20210329 09:34:52.563" endtime="20210329 09:35:00.639"></status>
</suite>
<statistics>
<total>
<stat pass="3" fail="0">Critical Tests</stat>
<stat pass="3" fail="0">All Tests</stat>
</total>
<tag>
</tag>
<suite>
<stat pass="3" fail="0" id="s1" name="Suites">Suites</stat>
<stat pass="3" fail="0" id="s1-s1" name="Datadrivenusingcsv">Suites.Datadrivenusingcsv</stat>
</suite>
</statistics>
<errors>
</errors>
</robot>
