<?xml version="1.0" encoding="UTF-8"?>
<robot generator="Robot 3.2.2 (Python 3.9.2 on win32)" generated="20210329 09:34:32.770" rpa="false">
<suite id="s1" name="Suites">
<suite id="s1-s1" name="Datadriventestingusingxls" source="C:\Users\rvadi\PycharmProjects\pythonProject\Automation\TestCases\datadriventestingusingxls.robot">
<kw name="Open my Browser" library="Login_Resources" type="setup">
<kw name="Open Browser" library="SeleniumLibrary">
<doc>Opens a new browser instance to the given ``url``.</doc>
<arguments>
<arg>${LOGIN URL}</arg>
<arg>${BROWSER}</arg>
</arguments>
<msg timestamp="20210329 09:34:35.741" level="INFO">Opening browser 'headlessChrome' to base url 'https://admin-demo.nopcommerce.com/login'.</msg>
<status status="PASS" starttime="20210329 09:34:35.740" endtime="20210329 09:34:45.172"></status>
</kw>
<kw name="Maximize Browser Window" library="SeleniumLibrary">
<doc>Maximizes current browser window.</doc>
<status status="PASS" starttime="20210329 09:34:45.173" endtime="20210329 09:34:45.309"></status>
</kw>
<status status="PASS" starttime="20210329 09:34:35.739" endtime="20210329 09:34:45.309"></status>
</kw>
<test id="s1-s1-t1" name="Login test with Excel using admin@admin.com and Admin">
<kw name="Invalid Login">
<arguments>
<arg>admin@admin.com</arg>
<arg>Admin</arg>
</arguments>
<kw name="Input User name" library="Login_Resources">
<arguments>
<arg>${username}</arg>
</arguments>
<kw name="Input Text" library="SeleniumLibrary">
<doc>Types the given ``text`` into text field identified by ``locator``.</doc>
<arguments>
<arg>id:Email</arg>
<arg>${username}</arg>
</arguments>
<msg timestamp="20210329 09:34:45.312" level="INFO">Typing text 'admin@admin.com' into text field 'id:Email'.</msg>
<status status="PASS" starttime="20210329 09:34:45.312" endtime="20210329 09:34:45.511"></status>
</kw>
<status status="PASS" starttime="20210329 09:34:45.311" endtime="20210329 09:34:45.512"></status>
</kw>
<kw name="Input Password" library="Login_Resources">
<arguments>
<arg>${password}</arg>
</arguments>
<kw name="Input Text" library="SeleniumLibrary">
<doc>Types the given ``text`` into text field identified by ``locator``.</doc>
<arguments>
<arg>id:Password</arg>
<arg>${password}</arg>
</arguments>
<msg timestamp="20210329 09:34:45.514" level="INFO">Typing text 'Admin' into text field 'id:Password'.</msg>
<status status="PASS" starttime="20210329 09:34:45.513" endtime="20210329 09:34:45.689"></status>
</kw>
<status status="PASS" starttime="20210329 09:34:45.512" endtime="20210329 09:34:45.689"></status>
</kw>
<kw name="Click Login Button" library="Login_Resources">
<kw name="Click Element" library="SeleniumLibrary">
<doc>Click element identified by ``locator``.</doc>
<arguments>
<arg>xpath://button[contains(text(),'Log in')]</arg>
</arguments>
<msg timestamp="20210329 09:34:45.690" level="INFO">Clicking element 'xpath://button[contains(text(),'Log in')]'.</msg>
<status status="PASS" starttime="20210329 09:34:45.690" endtime="20210329 09:34:46.791"></status>
</kw>
<status status="PASS" starttime="20210329 09:34:45.689" endtime="20210329 09:34:46.792"></status>
</kw>
<kw name="Error message should be visible" library="Login_Resources">
<kw name="Page Should Contain" library="SeleniumLibrary">
<doc>Verifies that current page contains ``text``.</doc>
<arguments>
<arg>Login was unsuccessful</arg>
</arguments>
<msg timestamp="20210329 09:34:46.815" level="INFO">Current page contains text 'Login was unsuccessful'.</msg>
<status status="PASS" starttime="20210329 09:34:46.792" endtime="20210329 09:34:46.815"></status>
</kw>
<status status="PASS" starttime="20210329 09:34:46.792" endtime="20210329 09:34:46.816"></status>
</kw>
<status status="PASS" starttime="20210329 09:34:45.310" endtime="20210329 09:34:46.816"></status>
</kw>
<status status="PASS" starttime="20210329 09:34:45.309" endtime="20210329 09:34:46.816" critical="yes"></status>
</test>
<test id="s1-s1-t2" name="Login test with Excel using admin1@gmail.com and Adminn">
<kw name="Invalid Login">
<arguments>
<arg>admin1@gmail.com</arg>
<arg>Adminn</arg>
</arguments>
<kw name="Input User name" library="Login_Resources">
<arguments>
<arg>${username}</arg>
</arguments>
<kw name="Input Text" library="SeleniumLibrary">
<doc>Types the given ``text`` into text field identified by ``locator``.</doc>
<arguments>
<arg>id:Email</arg>
<arg>${username}</arg>
</arguments>
<msg timestamp="20210329 09:34:46.821" level="INFO">Typing text 'admin1@gmail.com' into text field 'id:Email'.</msg>
<status status="PASS" starttime="20210329 09:34:46.821" endtime="20210329 09:34:46.965"></status>
</kw>
<status status="PASS" starttime="20210329 09:34:46.820" endtime="20210329 09:34:46.965"></status>
</kw>
<kw name="Input Password" library="Login_Resources">
<arguments>
<arg>${password}</arg>
</arguments>
<kw name="Input Text" library="SeleniumLibrary">
<doc>Types the given ``text`` into text field identified by ``locator``.</doc>
<arguments>
<arg>id:Password</arg>
<arg>${password}</arg>
</arguments>
<msg timestamp="20210329 09:34:46.967" level="INFO">Typing text 'Adminn' into text field 'id:Password'.</msg>
<status status="PASS" starttime="20210329 09:34:46.966" endtime="20210329 09:34:47.109"></status>
</kw>
<status status="PASS" starttime="20210329 09:34:46.966" endtime="20210329 09:34:47.109"></status>
</kw>
<kw name="Click Login Button" library="Login_Resources">
<kw name="Click Element" library="SeleniumLibrary">
<doc>Click element identified by ``locator``.</doc>
<arguments>
<arg>xpath://button[contains(text(),'Log in')]</arg>
</arguments>
<msg timestamp="20210329 09:34:47.110" level="INFO">Clicking element 'xpath://button[contains(text(),'Log in')]'.</msg>
<status status="PASS" starttime="20210329 09:34:47.110" endtime="20210329 09:34:48.166"></status>
</kw>
<status status="PASS" starttime="20210329 09:34:47.109" endtime="20210329 09:34:48.167"></status>
</kw>
<kw name="Error message should be visible" library="Login_Resources">
<kw name="Page Should Contain" library="SeleniumLibrary">
<doc>Verifies that current page contains ``text``.</doc>
<arguments>
<arg>Login was unsuccessful</arg>
</arguments>
<msg timestamp="20210329 09:34:48.183" level="INFO">Current page contains text 'Login was unsuccessful'.</msg>
<status status="PASS" starttime="20210329 09:34:48.168" endtime="20210329 09:34:48.183"></status>
</kw>
<status status="PASS" starttime="20210329 09:34:48.167" endtime="20210329 09:34:48.183"></status>
</kw>
<status status="PASS" starttime="20210329 09:34:46.819" endtime="20210329 09:34:48.184"></status>
</kw>
<status status="PASS" starttime="20210329 09:34:46.817" endtime="20210329 09:34:48.184" critical="yes"></status>
</test>
<test id="s1-s1-t3" name="Login test with Excel using admin123@admin.com and adm">
<kw name="Invalid Login">
<arguments>
<arg>admin123@admin.com</arg>
<arg>adm</arg>
</arguments>
<kw name="Input User name" library="Login_Resources">
<arguments>
<arg>${username}</arg>
</arguments>
<kw name="Input Text" library="SeleniumLibrary">
<doc>Types the given ``text`` into text field identified by ``locator``.</doc>
<arguments>
<arg>id:Email</arg>
<arg>${username}</arg>
</arguments>
<msg timestamp="20210329 09:34:48.186" level="INFO">Typing text 'admin123@admin.com' into text field 'id:Email'.</msg>
<status status="PASS" starttime="20210329 09:34:48.186" endtime="20210329 09:34:48.333"></status>
</kw>
<status status="PASS" starttime="20210329 09:34:48.186" endtime="20210329 09:34:48.334"></status>
</kw>
<kw name="Input Password" library="Login_Resources">
<arguments>
<arg>${password}</arg>
</arguments>
<kw name="Input Text" library="SeleniumLibrary">
<doc>Types the given ``text`` into text field identified by ``locator``.</doc>
<arguments>
<arg>id:Password</arg>
<arg>${password}</arg>
</arguments>
<msg timestamp="20210329 09:34:48.335" level="INFO">Typing text 'adm' into text field 'id:Password'.</msg>
<status status="PASS" starttime="20210329 09:34:48.335" endtime="20210329 09:34:48.474"></status>
</kw>
<status status="PASS" starttime="20210329 09:34:48.334" endtime="20210329 09:34:48.474"></status>
</kw>
<kw name="Click Login Button" library="Login_Resources">
<kw name="Click Element" library="SeleniumLibrary">
<doc>Click element identified by ``locator``.</doc>
<arguments>
<arg>xpath://button[contains(text(),'Log in')]</arg>
</arguments>
<msg timestamp="20210329 09:34:48.476" level="INFO">Clicking element 'xpath://button[contains(text(),'Log in')]'.</msg>
<status status="PASS" starttime="20210329 09:34:48.476" endtime="20210329 09:34:49.609"></status>
</kw>
<status status="PASS" starttime="20210329 09:34:48.475" endtime="20210329 09:34:49.609"></status>
</kw>
<kw name="Error message should be visible" library="Login_Resources">
<kw name="Page Should Contain" library="SeleniumLibrary">
<doc>Verifies that current page contains ``text``.</doc>
<arguments>
<arg>Login was unsuccessful</arg>
</arguments>
<msg timestamp="20210329 09:34:49.630" level="INFO">Current page contains text 'Login was unsuccessful'.</msg>
<status status="PASS" starttime="20210329 09:34:49.610" endtime="20210329 09:34:49.630"></status>
</kw>
<status status="PASS" starttime="20210329 09:34:49.609" endtime="20210329 09:34:49.630"></status>
</kw>
<status status="PASS" starttime="20210329 09:34:48.185" endtime="20210329 09:34:49.630"></status>
</kw>
<status status="PASS" starttime="20210329 09:34:48.184" endtime="20210329 09:34:49.631" critical="yes"></status>
</test>
<kw name="Close Browser" library="Login_Resources" type="teardown">
<kw name="Close All Browsers" library="SeleniumLibrary">
<doc>Closes all open browsers and resets the browser cache.</doc>
<status status="PASS" starttime="20210329 09:34:49.632" endtime="20210329 09:34:51.722"></status>
</kw>
<status status="PASS" starttime="20210329 09:34:49.632" endtime="20210329 09:34:51.723"></status>
</kw>
<status status="PASS" starttime="20210329 09:34:32.809" endtime="20210329 09:34:51.723"></status>
</suite>
<status status="PASS" starttime="20210329 09:34:32.773" endtime="20210329 09:34:51.731"></status>
</suite>
<statistics>
<total>
<stat pass="3" fail="0">Critical Tests</stat>
<stat pass="3" fail="0">All Tests</stat>
</total>
<tag>
</tag>
<suite>
<stat pass="3" fail="0" id="s1" name="Suites">Suites</stat>
<stat pass="3" fail="0" id="s1-s1" name="Datadriventestingusingxls">Suites.Datadriventestingusingxls</stat>
</suite>
</statistics>
<errors>
</errors>
</robot>
