<?xml version="1.0" encoding="UTF-8"?>
<robot generator="Robot 4.0 (Python 3.9.2 on win32)" generated="20210326 15:00:59.072" rpa="false" schemaversion="2">
<suite id="s1" name="Suites">
<suite id="s1-s1" name="Datadrivenusingcsv" source="C:\Users\rvadi\PycharmProjects\pythonProject\Automation\TestCases\datadrivenusingcsv.robot">
<kw name="Open my Browser" library="Login_Resources" type="SETUP">
<kw name="Open Browser" library="SeleniumLibrary">
<arg>${LOGIN URL}</arg>
<arg>${BROWSER}</arg>
<doc>Opens a new browser instance to the given ``url``.</doc>
<msg timestamp="20210326 15:00:59.563" level="INFO">Opening browser 'Chrome' to base url 'https://admin-demo.nopcommerce.com/login'.</msg>
<status status="PASS" starttime="20210326 15:00:59.563" endtime="20210326 15:01:03.435"/>
</kw>
<kw name="Maximize Browser Window" library="SeleniumLibrary">
<doc>Maximizes current browser window.</doc>
<status status="PASS" starttime="20210326 15:01:03.436" endtime="20210326 15:01:03.572"/>
</kw>
<status status="PASS" starttime="20210326 15:00:59.563" endtime="20210326 15:01:03.572"/>
</kw>
<test id="s1-s1-t1" name="Login test with csv using admin@admin.com and Admin">
<kw name="Invalid Login">
<arg>admin@admin.com</arg>
<arg>Admin</arg>
<kw name="Input User name" library="Login_Resources">
<arg>${username}</arg>
<kw name="Input Text" library="SeleniumLibrary">
<arg>id:Email</arg>
<arg>${username}</arg>
<doc>Types the given ``text`` into text field identified by ``locator``.</doc>
<msg timestamp="20210326 15:01:03.579" level="INFO">Typing text 'admin@admin.com' into text field 'id:Email'.</msg>
<status status="PASS" starttime="20210326 15:01:03.576" endtime="20210326 15:01:03.803"/>
</kw>
<status status="PASS" starttime="20210326 15:01:03.576" endtime="20210326 15:01:03.803"/>
</kw>
<kw name="Input Password" library="Login_Resources">
<arg>${password}</arg>
<kw name="Input Text" library="SeleniumLibrary">
<arg>id:Password</arg>
<arg>${password}</arg>
<doc>Types the given ``text`` into text field identified by ``locator``.</doc>
<msg timestamp="20210326 15:01:03.804" level="INFO">Typing text 'Admin' into text field 'id:Password'.</msg>
<status status="PASS" starttime="20210326 15:01:03.804" endtime="20210326 15:01:03.987"/>
</kw>
<status status="PASS" starttime="20210326 15:01:03.803" endtime="20210326 15:01:03.987"/>
</kw>
<kw name="Click Login Button" library="Login_Resources">
<kw name="Click Element" library="SeleniumLibrary">
<arg>xpath://button[contains(text(),'Log in')]</arg>
<doc>Click element identified by ``locator``.</doc>
<msg timestamp="20210326 15:01:03.989" level="INFO">Clicking element 'xpath://button[contains(text(),'Log in')]'.</msg>
<status status="PASS" starttime="20210326 15:01:03.988" endtime="20210326 15:01:05.174"/>
</kw>
<status status="PASS" starttime="20210326 15:01:03.988" endtime="20210326 15:01:05.174"/>
</kw>
<kw name="Error message should be visible" library="Login_Resources">
<kw name="Page Should Contain" library="SeleniumLibrary">
<arg>Login was unsuccessful</arg>
<doc>Verifies that current page contains ``text``.</doc>
<msg timestamp="20210326 15:01:05.205" level="INFO">Current page contains text 'Login was unsuccessful'.</msg>
<status status="PASS" starttime="20210326 15:01:05.177" endtime="20210326 15:01:05.206"/>
</kw>
<status status="PASS" starttime="20210326 15:01:05.176" endtime="20210326 15:01:05.206"/>
</kw>
<status status="PASS" starttime="20210326 15:01:03.576" endtime="20210326 15:01:05.206"/>
</kw>
<status status="PASS" starttime="20210326 15:01:03.573" endtime="20210326 15:01:05.206"/>
</test>
<test id="s1-s1-t2" name="Login test with csv using admin1@gmail.com and Adminn">
<kw name="Invalid Login">
<arg>admin1@gmail.com</arg>
<arg>Adminn</arg>
<kw name="Input User name" library="Login_Resources">
<arg>${username}</arg>
<kw name="Input Text" library="SeleniumLibrary">
<arg>id:Email</arg>
<arg>${username}</arg>
<doc>Types the given ``text`` into text field identified by ``locator``.</doc>
<msg timestamp="20210326 15:01:05.213" level="INFO">Typing text 'admin1@gmail.com' into text field 'id:Email'.</msg>
<status status="PASS" starttime="20210326 15:01:05.213" endtime="20210326 15:01:05.400"/>
</kw>
<status status="PASS" starttime="20210326 15:01:05.212" endtime="20210326 15:01:05.400"/>
</kw>
<kw name="Input Password" library="Login_Resources">
<arg>${password}</arg>
<kw name="Input Text" library="SeleniumLibrary">
<arg>id:Password</arg>
<arg>${password}</arg>
<doc>Types the given ``text`` into text field identified by ``locator``.</doc>
<msg timestamp="20210326 15:01:05.403" level="INFO">Typing text 'Adminn' into text field 'id:Password'.</msg>
<status status="PASS" starttime="20210326 15:01:05.403" endtime="20210326 15:01:05.586"/>
</kw>
<status status="PASS" starttime="20210326 15:01:05.400" endtime="20210326 15:01:05.586"/>
</kw>
<kw name="Click Login Button" library="Login_Resources">
<kw name="Click Element" library="SeleniumLibrary">
<arg>xpath://button[contains(text(),'Log in')]</arg>
<doc>Click element identified by ``locator``.</doc>
<msg timestamp="20210326 15:01:05.588" level="INFO">Clicking element 'xpath://button[contains(text(),'Log in')]'.</msg>
<status status="PASS" starttime="20210326 15:01:05.587" endtime="20210326 15:01:06.733"/>
</kw>
<status status="PASS" starttime="20210326 15:01:05.587" endtime="20210326 15:01:06.733"/>
</kw>
<kw name="Error message should be visible" library="Login_Resources">
<kw name="Page Should Contain" library="SeleniumLibrary">
<arg>Login was unsuccessful</arg>
<doc>Verifies that current page contains ``text``.</doc>
<msg timestamp="20210326 15:01:06.754" level="INFO">Current page contains text 'Login was unsuccessful'.</msg>
<status status="PASS" starttime="20210326 15:01:06.734" endtime="20210326 15:01:06.754"/>
</kw>
<status status="PASS" starttime="20210326 15:01:06.734" endtime="20210326 15:01:06.754"/>
</kw>
<status status="PASS" starttime="20210326 15:01:05.211" endtime="20210326 15:01:06.755"/>
</kw>
<status status="PASS" starttime="20210326 15:01:05.208" endtime="20210326 15:01:06.755"/>
</test>
<test id="s1-s1-t3" name="Login test with csv using admin123@admin.com and adm">
<kw name="Invalid Login">
<arg>admin123@admin.com</arg>
<arg>adm</arg>
<kw name="Input User name" library="Login_Resources">
<arg>${username}</arg>
<kw name="Input Text" library="SeleniumLibrary">
<arg>id:Email</arg>
<arg>${username}</arg>
<doc>Types the given ``text`` into text field identified by ``locator``.</doc>
<msg timestamp="20210326 15:01:06.762" level="INFO">Typing text 'admin123@admin.com' into text field 'id:Email'.</msg>
<status status="PASS" starttime="20210326 15:01:06.762" endtime="20210326 15:01:06.968"/>
</kw>
<status status="PASS" starttime="20210326 15:01:06.760" endtime="20210326 15:01:06.968"/>
</kw>
<kw name="Input Password" library="Login_Resources">
<arg>${password}</arg>
<kw name="Input Text" library="SeleniumLibrary">
<arg>id:Password</arg>
<arg>${password}</arg>
<doc>Types the given ``text`` into text field identified by ``locator``.</doc>
<msg timestamp="20210326 15:01:06.970" level="INFO">Typing text 'adm' into text field 'id:Password'.</msg>
<status status="PASS" starttime="20210326 15:01:06.969" endtime="20210326 15:01:07.150"/>
</kw>
<status status="PASS" starttime="20210326 15:01:06.968" endtime="20210326 15:01:07.151"/>
</kw>
<kw name="Click Login Button" library="Login_Resources">
<kw name="Click Element" library="SeleniumLibrary">
<arg>xpath://button[contains(text(),'Log in')]</arg>
<doc>Click element identified by ``locator``.</doc>
<msg timestamp="20210326 15:01:07.152" level="INFO">Clicking element 'xpath://button[contains(text(),'Log in')]'.</msg>
<status status="PASS" starttime="20210326 15:01:07.152" endtime="20210326 15:01:08.347"/>
</kw>
<status status="PASS" starttime="20210326 15:01:07.151" endtime="20210326 15:01:08.347"/>
</kw>
<kw name="Error message should be visible" library="Login_Resources">
<kw name="Page Should Contain" library="SeleniumLibrary">
<arg>Login was unsuccessful</arg>
<doc>Verifies that current page contains ``text``.</doc>
<msg timestamp="20210326 15:01:08.367" level="INFO">Current page contains text 'Login was unsuccessful'.</msg>
<status status="PASS" starttime="20210326 15:01:08.348" endtime="20210326 15:01:08.368"/>
</kw>
<status status="PASS" starttime="20210326 15:01:08.348" endtime="20210326 15:01:08.368"/>
</kw>
<status status="PASS" starttime="20210326 15:01:06.758" endtime="20210326 15:01:08.368"/>
</kw>
<status status="PASS" starttime="20210326 15:01:06.755" endtime="20210326 15:01:08.369"/>
</test>
<kw name="Close Browser" library="Login_Resources" type="TEARDOWN">
<kw name="Close All Browsers" library="SeleniumLibrary">
<doc>Closes all open browsers and resets the browser cache.</doc>
<status status="PASS" starttime="20210326 15:01:08.371" endtime="20210326 15:01:11.810"/>
</kw>
<status status="PASS" starttime="20210326 15:01:08.370" endtime="20210326 15:01:11.812"/>
</kw>
<status status="PASS" starttime="20210326 15:00:59.126" endtime="20210326 15:01:11.812"/>
</suite>
<status status="PASS" starttime="20210326 15:00:59.075" endtime="20210326 15:01:11.812"/>
</suite>
<statistics>
<total>
<stat pass="3" fail="0" skip="0">All Tests</stat>
</total>
<tag>
</tag>
<suite>
<stat pass="3" fail="0" skip="0" id="s1" name="Suites">Suites</stat>
<stat pass="3" fail="0" skip="0" id="s1-s1" name="Datadrivenusingcsv">Suites.Datadrivenusingcsv</stat>
</suite>
</statistics>
<errors>
</errors>
</robot>
