<?xml version="1.0" encoding="UTF-8"?>
<robot generator="Robot 4.0 (Python 3.9.2 on win32)" generated="20210326 15:00:42.464" rpa="false" schemaversion="2">
<suite id="s1" name="Suites">
<suite id="s1-s1" name="Datadriventesting1" source="C:\Users\rvadi\PycharmProjects\pythonProject\Automation\TestCases\datadriventesting1.robot">
<kw name="Open my Browser" library="Login_Resources" type="SETUP">
<kw name="Open Browser" library="SeleniumLibrary">
<arg>${LOGIN URL}</arg>
<arg>${BROWSER}</arg>
<doc>Opens a new browser instance to the given ``url``.</doc>
<msg timestamp="20210326 15:00:42.858" level="INFO">Opening browser 'Chrome' to base url 'https://admin-demo.nopcommerce.com/login'.</msg>
<status status="PASS" starttime="20210326 15:00:42.858" endtime="20210326 15:00:47.197"/>
</kw>
<kw name="Maximize Browser Window" library="SeleniumLibrary">
<doc>Maximizes current browser window.</doc>
<status status="PASS" starttime="20210326 15:00:47.198" endtime="20210326 15:00:47.372"/>
</kw>
<status status="PASS" starttime="20210326 15:00:42.858" endtime="20210326 15:00:47.372"/>
</kw>
<test id="s1-s1-t1" name="Right User Empty Password">
<kw name="Invalid login">
<arg>admin@yourstore.com</arg>
<arg>${EMPTY}</arg>
<kw name="Input User name" library="Login_Resources">
<arg>${username}</arg>
<kw name="Input Text" library="SeleniumLibrary">
<arg>id:Email</arg>
<arg>${username}</arg>
<doc>Types the given ``text`` into text field identified by ``locator``.</doc>
<msg timestamp="20210326 15:00:47.379" level="INFO">Typing text 'admin@yourstore.com' into text field 'id:Email'.</msg>
<status status="PASS" starttime="20210326 15:00:47.378" endtime="20210326 15:00:47.942"/>
</kw>
<status status="PASS" starttime="20210326 15:00:47.376" endtime="20210326 15:00:47.943"/>
</kw>
<kw name="Input Password" library="Login_Resources">
<arg>${password}</arg>
<kw name="Input Text" library="SeleniumLibrary">
<arg>id:Password</arg>
<arg>${password}</arg>
<doc>Types the given ``text`` into text field identified by ``locator``.</doc>
<msg timestamp="20210326 15:00:47.944" level="INFO">Typing text '' into text field 'id:Password'.</msg>
<status status="PASS" starttime="20210326 15:00:47.944" endtime="20210326 15:00:48.635"/>
</kw>
<status status="PASS" starttime="20210326 15:00:47.943" endtime="20210326 15:00:48.635"/>
</kw>
<kw name="Click Login Button" library="Login_Resources">
<kw name="Click Element" library="SeleniumLibrary">
<arg>xpath://button[contains(text(),'Log in')]</arg>
<doc>Click element identified by ``locator``.</doc>
<msg timestamp="20210326 15:00:48.636" level="INFO">Clicking element 'xpath://button[contains(text(),'Log in')]'.</msg>
<status status="PASS" starttime="20210326 15:00:48.636" endtime="20210326 15:00:49.909"/>
</kw>
<status status="PASS" starttime="20210326 15:00:48.635" endtime="20210326 15:00:49.909"/>
</kw>
<kw name="Error message should be visible" library="Login_Resources">
<kw name="Page Should Contain" library="SeleniumLibrary">
<arg>Login was unsuccessful</arg>
<doc>Verifies that current page contains ``text``.</doc>
<msg timestamp="20210326 15:00:49.961" level="INFO">Current page contains text 'Login was unsuccessful'.</msg>
<status status="PASS" starttime="20210326 15:00:49.911" endtime="20210326 15:00:49.961"/>
</kw>
<status status="PASS" starttime="20210326 15:00:49.910" endtime="20210326 15:00:49.961"/>
</kw>
<status status="PASS" starttime="20210326 15:00:47.374" endtime="20210326 15:00:49.962"/>
</kw>
<status status="PASS" starttime="20210326 15:00:47.372" endtime="20210326 15:00:49.962"/>
</test>
<test id="s1-s1-t2" name="Right User Wrong Password">
<kw name="Invalid login">
<arg>admin@yourstore.com</arg>
<arg>adminn</arg>
<kw name="Input User name" library="Login_Resources">
<arg>${username}</arg>
<kw name="Input Text" library="SeleniumLibrary">
<arg>id:Email</arg>
<arg>${username}</arg>
<doc>Types the given ``text`` into text field identified by ``locator``.</doc>
<msg timestamp="20210326 15:00:49.969" level="INFO">Typing text 'admin@yourstore.com' into text field 'id:Email'.</msg>
<status status="PASS" starttime="20210326 15:00:49.968" endtime="20210326 15:00:50.197"/>
</kw>
<status status="PASS" starttime="20210326 15:00:49.967" endtime="20210326 15:00:50.197"/>
</kw>
<kw name="Input Password" library="Login_Resources">
<arg>${password}</arg>
<kw name="Input Text" library="SeleniumLibrary">
<arg>id:Password</arg>
<arg>${password}</arg>
<doc>Types the given ``text`` into text field identified by ``locator``.</doc>
<msg timestamp="20210326 15:00:50.200" level="INFO">Typing text 'adminn' into text field 'id:Password'.</msg>
<status status="PASS" starttime="20210326 15:00:50.199" endtime="20210326 15:00:50.406"/>
</kw>
<status status="PASS" starttime="20210326 15:00:50.198" endtime="20210326 15:00:50.406"/>
</kw>
<kw name="Click Login Button" library="Login_Resources">
<kw name="Click Element" library="SeleniumLibrary">
<arg>xpath://button[contains(text(),'Log in')]</arg>
<doc>Click element identified by ``locator``.</doc>
<msg timestamp="20210326 15:00:50.408" level="INFO">Clicking element 'xpath://button[contains(text(),'Log in')]'.</msg>
<status status="PASS" starttime="20210326 15:00:50.407" endtime="20210326 15:00:50.954"/>
</kw>
<status status="PASS" starttime="20210326 15:00:50.406" endtime="20210326 15:00:50.954"/>
</kw>
<kw name="Error message should be visible" library="Login_Resources">
<kw name="Page Should Contain" library="SeleniumLibrary">
<arg>Login was unsuccessful</arg>
<doc>Verifies that current page contains ``text``.</doc>
<msg timestamp="20210326 15:00:50.996" level="INFO">Current page contains text 'Login was unsuccessful'.</msg>
<status status="PASS" starttime="20210326 15:00:50.955" endtime="20210326 15:00:50.996"/>
</kw>
<status status="PASS" starttime="20210326 15:00:50.954" endtime="20210326 15:00:50.997"/>
</kw>
<status status="PASS" starttime="20210326 15:00:49.966" endtime="20210326 15:00:50.997"/>
</kw>
<status status="PASS" starttime="20210326 15:00:49.964" endtime="20210326 15:00:50.998"/>
</test>
<test id="s1-s1-t3" name="Wrong User Wrong Password">
<kw name="Invalid login">
<arg>admi@yourstore.com</arg>
<arg>adminn</arg>
<kw name="Input User name" library="Login_Resources">
<arg>${username}</arg>
<kw name="Input Text" library="SeleniumLibrary">
<arg>id:Email</arg>
<arg>${username}</arg>
<doc>Types the given ``text`` into text field identified by ``locator``.</doc>
<msg timestamp="20210326 15:00:51.004" level="INFO">Typing text 'admi@yourstore.com' into text field 'id:Email'.</msg>
<status status="PASS" starttime="20210326 15:00:51.003" endtime="20210326 15:00:51.303"/>
</kw>
<status status="PASS" starttime="20210326 15:00:51.002" endtime="20210326 15:00:51.304"/>
</kw>
<kw name="Input Password" library="Login_Resources">
<arg>${password}</arg>
<kw name="Input Text" library="SeleniumLibrary">
<arg>id:Password</arg>
<arg>${password}</arg>
<doc>Types the given ``text`` into text field identified by ``locator``.</doc>
<msg timestamp="20210326 15:00:51.304" level="INFO">Typing text 'adminn' into text field 'id:Password'.</msg>
<status status="PASS" starttime="20210326 15:00:51.304" endtime="20210326 15:00:51.620"/>
</kw>
<status status="PASS" starttime="20210326 15:00:51.304" endtime="20210326 15:00:51.621"/>
</kw>
<kw name="Click Login Button" library="Login_Resources">
<kw name="Click Element" library="SeleniumLibrary">
<arg>xpath://button[contains(text(),'Log in')]</arg>
<doc>Click element identified by ``locator``.</doc>
<msg timestamp="20210326 15:00:51.622" level="INFO">Clicking element 'xpath://button[contains(text(),'Log in')]'.</msg>
<status status="PASS" starttime="20210326 15:00:51.622" endtime="20210326 15:00:52.846"/>
</kw>
<status status="PASS" starttime="20210326 15:00:51.621" endtime="20210326 15:00:52.846"/>
</kw>
<kw name="Error message should be visible" library="Login_Resources">
<kw name="Page Should Contain" library="SeleniumLibrary">
<arg>Login was unsuccessful</arg>
<doc>Verifies that current page contains ``text``.</doc>
<msg timestamp="20210326 15:00:52.867" level="INFO">Current page contains text 'Login was unsuccessful'.</msg>
<status status="PASS" starttime="20210326 15:00:52.847" endtime="20210326 15:00:52.867"/>
</kw>
<status status="PASS" starttime="20210326 15:00:52.847" endtime="20210326 15:00:52.867"/>
</kw>
<status status="PASS" starttime="20210326 15:00:51.001" endtime="20210326 15:00:52.868"/>
</kw>
<status status="PASS" starttime="20210326 15:00:51.000" endtime="20210326 15:00:52.868"/>
</test>
<test id="s1-s1-t4" name="Wrong User Right Password">
<kw name="Invalid login">
<arg>adminn@yourstore.com</arg>
<arg>admin</arg>
<kw name="Input User name" library="Login_Resources">
<arg>${username}</arg>
<kw name="Input Text" library="SeleniumLibrary">
<arg>id:Email</arg>
<arg>${username}</arg>
<doc>Types the given ``text`` into text field identified by ``locator``.</doc>
<msg timestamp="20210326 15:00:52.870" level="INFO">Typing text 'adminn@yourstore.com' into text field 'id:Email'.</msg>
<status status="PASS" starttime="20210326 15:00:52.870" endtime="20210326 15:00:53.085"/>
</kw>
<status status="PASS" starttime="20210326 15:00:52.870" endtime="20210326 15:00:53.085"/>
</kw>
<kw name="Input Password" library="Login_Resources">
<arg>${password}</arg>
<kw name="Input Text" library="SeleniumLibrary">
<arg>id:Password</arg>
<arg>${password}</arg>
<doc>Types the given ``text`` into text field identified by ``locator``.</doc>
<msg timestamp="20210326 15:00:53.087" level="INFO">Typing text 'admin' into text field 'id:Password'.</msg>
<status status="PASS" starttime="20210326 15:00:53.086" endtime="20210326 15:00:53.345"/>
</kw>
<status status="PASS" starttime="20210326 15:00:53.085" endtime="20210326 15:00:53.346"/>
</kw>
<kw name="Click Login Button" library="Login_Resources">
<kw name="Click Element" library="SeleniumLibrary">
<arg>xpath://button[contains(text(),'Log in')]</arg>
<doc>Click element identified by ``locator``.</doc>
<msg timestamp="20210326 15:00:53.347" level="INFO">Clicking element 'xpath://button[contains(text(),'Log in')]'.</msg>
<status status="PASS" starttime="20210326 15:00:53.347" endtime="20210326 15:00:54.143"/>
</kw>
<status status="PASS" starttime="20210326 15:00:53.346" endtime="20210326 15:00:54.143"/>
</kw>
<kw name="Error message should be visible" library="Login_Resources">
<kw name="Page Should Contain" library="SeleniumLibrary">
<arg>Login was unsuccessful</arg>
<doc>Verifies that current page contains ``text``.</doc>
<msg timestamp="20210326 15:00:54.166" level="INFO">Current page contains text 'Login was unsuccessful'.</msg>
<status status="PASS" starttime="20210326 15:00:54.146" endtime="20210326 15:00:54.167"/>
</kw>
<status status="PASS" starttime="20210326 15:00:54.144" endtime="20210326 15:00:54.167"/>
</kw>
<status status="PASS" starttime="20210326 15:00:52.870" endtime="20210326 15:00:54.167"/>
</kw>
<status status="PASS" starttime="20210326 15:00:52.869" endtime="20210326 15:00:54.167"/>
</test>
<test id="s1-s1-t5" name="Wrong User Empty Password">
<kw name="Invalid login">
<arg>adminn@yourstore.com</arg>
<arg>${EMPTY}</arg>
<kw name="Input User name" library="Login_Resources">
<arg>${username}</arg>
<kw name="Input Text" library="SeleniumLibrary">
<arg>id:Email</arg>
<arg>${username}</arg>
<doc>Types the given ``text`` into text field identified by ``locator``.</doc>
<msg timestamp="20210326 15:00:54.172" level="INFO">Typing text 'adminn@yourstore.com' into text field 'id:Email'.</msg>
<status status="PASS" starttime="20210326 15:00:54.172" endtime="20210326 15:00:54.384"/>
</kw>
<status status="PASS" starttime="20210326 15:00:54.172" endtime="20210326 15:00:54.384"/>
</kw>
<kw name="Input Password" library="Login_Resources">
<arg>${password}</arg>
<kw name="Input Text" library="SeleniumLibrary">
<arg>id:Password</arg>
<arg>${password}</arg>
<doc>Types the given ``text`` into text field identified by ``locator``.</doc>
<msg timestamp="20210326 15:00:54.384" level="INFO">Typing text '' into text field 'id:Password'.</msg>
<status status="PASS" starttime="20210326 15:00:54.384" endtime="20210326 15:00:54.575"/>
</kw>
<status status="PASS" starttime="20210326 15:00:54.384" endtime="20210326 15:00:54.575"/>
</kw>
<kw name="Click Login Button" library="Login_Resources">
<kw name="Click Element" library="SeleniumLibrary">
<arg>xpath://button[contains(text(),'Log in')]</arg>
<doc>Click element identified by ``locator``.</doc>
<msg timestamp="20210326 15:00:54.577" level="INFO">Clicking element 'xpath://button[contains(text(),'Log in')]'.</msg>
<status status="PASS" starttime="20210326 15:00:54.576" endtime="20210326 15:00:55.114"/>
</kw>
<status status="PASS" starttime="20210326 15:00:54.576" endtime="20210326 15:00:55.114"/>
</kw>
<kw name="Error message should be visible" library="Login_Resources">
<kw name="Page Should Contain" library="SeleniumLibrary">
<arg>Login was unsuccessful</arg>
<doc>Verifies that current page contains ``text``.</doc>
<msg timestamp="20210326 15:00:55.141" level="INFO">Current page contains text 'Login was unsuccessful'.</msg>
<status status="PASS" starttime="20210326 15:00:55.115" endtime="20210326 15:00:55.142"/>
</kw>
<status status="PASS" starttime="20210326 15:00:55.115" endtime="20210326 15:00:55.142"/>
</kw>
<status status="PASS" starttime="20210326 15:00:54.170" endtime="20210326 15:00:55.142"/>
</kw>
<status status="PASS" starttime="20210326 15:00:54.169" endtime="20210326 15:00:55.143"/>
</test>
<kw name="Close Browser" library="Login_Resources" type="TEARDOWN">
<kw name="Close All Browsers" library="SeleniumLibrary">
<doc>Closes all open browsers and resets the browser cache.</doc>
<status status="PASS" starttime="20210326 15:00:55.146" endtime="20210326 15:00:58.144"/>
</kw>
<status status="PASS" starttime="20210326 15:00:55.146" endtime="20210326 15:00:58.145"/>
</kw>
<status status="PASS" starttime="20210326 15:00:42.503" endtime="20210326 15:00:58.145"/>
</suite>
<status status="PASS" starttime="20210326 15:00:42.467" endtime="20210326 15:00:58.148"/>
</suite>
<statistics>
<total>
<stat pass="5" fail="0" skip="0">All Tests</stat>
</total>
<tag>
</tag>
<suite>
<stat pass="5" fail="0" skip="0" id="s1" name="Suites">Suites</stat>
<stat pass="5" fail="0" skip="0" id="s1-s1" name="Datadriventesting1">Suites.Datadriventesting1</stat>
</suite>
</statistics>
<errors>
</errors>
</robot>
