<?xml version="1.0" encoding="UTF-8"?>
<robot generator="Robot 4.0 (Python 3.9.2 on win32)" generated="20210326 15:00:42.426" rpa="false" schemaversion="2">
<suite id="s1" name="Suites">
<suite id="s1-s1" name="Datadriventestingusingxls" source="C:\Users\rvadi\PycharmProjects\pythonProject\Automation\TestCases\datadriventestingusingxls.robot">
<kw name="Open my Browser" library="Login_Resources" type="SETUP">
<kw name="Open Browser" library="SeleniumLibrary">
<arg>${LOGIN URL}</arg>
<arg>${BROWSER}</arg>
<doc>Opens a new browser instance to the given ``url``.</doc>
<msg timestamp="20210326 15:00:46.621" level="INFO">Opening browser 'Chrome' to base url 'https://admin-demo.nopcommerce.com/login'.</msg>
<status status="PASS" starttime="20210326 15:00:46.620" endtime="20210326 15:00:51.473"/>
</kw>
<kw name="Maximize Browser Window" library="SeleniumLibrary">
<doc>Maximizes current browser window.</doc>
<status status="PASS" starttime="20210326 15:00:51.473" endtime="20210326 15:00:51.608"/>
</kw>
<status status="PASS" starttime="20210326 15:00:46.619" endtime="20210326 15:00:51.608"/>
</kw>
<test id="s1-s1-t1" name="Login test with Excel using admin@admin.com and Admin">
<kw name="Invalid Login">
<arg>admin@admin.com</arg>
<arg>Admin</arg>
<kw name="Input User name" library="Login_Resources">
<arg>${username}</arg>
<kw name="Input Text" library="SeleniumLibrary">
<arg>id:Email</arg>
<arg>${username}</arg>
<doc>Types the given ``text`` into text field identified by ``locator``.</doc>
<msg timestamp="20210326 15:00:51.613" level="INFO">Typing text 'admin@admin.com' into text field 'id:Email'.</msg>
<status status="PASS" starttime="20210326 15:00:51.612" endtime="20210326 15:00:51.846"/>
</kw>
<status status="PASS" starttime="20210326 15:00:51.611" endtime="20210326 15:00:51.847"/>
</kw>
<kw name="Input Password" library="Login_Resources">
<arg>${password}</arg>
<kw name="Input Text" library="SeleniumLibrary">
<arg>id:Password</arg>
<arg>${password}</arg>
<doc>Types the given ``text`` into text field identified by ``locator``.</doc>
<msg timestamp="20210326 15:00:51.848" level="INFO">Typing text 'Admin' into text field 'id:Password'.</msg>
<status status="PASS" starttime="20210326 15:00:51.848" endtime="20210326 15:00:52.048"/>
</kw>
<status status="PASS" starttime="20210326 15:00:51.847" endtime="20210326 15:00:52.049"/>
</kw>
<kw name="Click Login Button" library="Login_Resources">
<kw name="Click Element" library="SeleniumLibrary">
<arg>xpath://button[contains(text(),'Log in')]</arg>
<doc>Click element identified by ``locator``.</doc>
<msg timestamp="20210326 15:00:52.050" level="INFO">Clicking element 'xpath://button[contains(text(),'Log in')]'.</msg>
<status status="PASS" starttime="20210326 15:00:52.050" endtime="20210326 15:00:53.272"/>
</kw>
<status status="PASS" starttime="20210326 15:00:52.049" endtime="20210326 15:00:53.272"/>
</kw>
<kw name="Error message should be visible" library="Login_Resources">
<kw name="Page Should Contain" library="SeleniumLibrary">
<arg>Login was unsuccessful</arg>
<doc>Verifies that current page contains ``text``.</doc>
<msg timestamp="20210326 15:00:53.310" level="INFO">Current page contains text 'Login was unsuccessful'.</msg>
<status status="PASS" starttime="20210326 15:00:53.273" endtime="20210326 15:00:53.310"/>
</kw>
<status status="PASS" starttime="20210326 15:00:53.272" endtime="20210326 15:00:53.310"/>
</kw>
<status status="PASS" starttime="20210326 15:00:51.610" endtime="20210326 15:00:53.310"/>
</kw>
<status status="PASS" starttime="20210326 15:00:51.609" endtime="20210326 15:00:53.312"/>
</test>
<test id="s1-s1-t2" name="Login test with Excel using admin1@gmail.com and Adminn">
<kw name="Invalid Login">
<arg>admin1@gmail.com</arg>
<arg>Adminn</arg>
<kw name="Input User name" library="Login_Resources">
<arg>${username}</arg>
<kw name="Input Text" library="SeleniumLibrary">
<arg>id:Email</arg>
<arg>${username}</arg>
<doc>Types the given ``text`` into text field identified by ``locator``.</doc>
<msg timestamp="20210326 15:00:53.317" level="INFO">Typing text 'admin1@gmail.com' into text field 'id:Email'.</msg>
<status status="PASS" starttime="20210326 15:00:53.316" endtime="20210326 15:00:53.565"/>
</kw>
<status status="PASS" starttime="20210326 15:00:53.315" endtime="20210326 15:00:53.566"/>
</kw>
<kw name="Input Password" library="Login_Resources">
<arg>${password}</arg>
<kw name="Input Text" library="SeleniumLibrary">
<arg>id:Password</arg>
<arg>${password}</arg>
<doc>Types the given ``text`` into text field identified by ``locator``.</doc>
<msg timestamp="20210326 15:00:53.568" level="INFO">Typing text 'Adminn' into text field 'id:Password'.</msg>
<status status="PASS" starttime="20210326 15:00:53.567" endtime="20210326 15:00:53.775"/>
</kw>
<status status="PASS" starttime="20210326 15:00:53.566" endtime="20210326 15:00:53.775"/>
</kw>
<kw name="Click Login Button" library="Login_Resources">
<kw name="Click Element" library="SeleniumLibrary">
<arg>xpath://button[contains(text(),'Log in')]</arg>
<doc>Click element identified by ``locator``.</doc>
<msg timestamp="20210326 15:00:53.777" level="INFO">Clicking element 'xpath://button[contains(text(),'Log in')]'.</msg>
<status status="PASS" starttime="20210326 15:00:53.776" endtime="20210326 15:00:55.310"/>
</kw>
<status status="PASS" starttime="20210326 15:00:53.776" endtime="20210326 15:00:55.311"/>
</kw>
<kw name="Error message should be visible" library="Login_Resources">
<kw name="Page Should Contain" library="SeleniumLibrary">
<arg>Login was unsuccessful</arg>
<doc>Verifies that current page contains ``text``.</doc>
<msg timestamp="20210326 15:00:55.333" level="INFO">Current page contains text 'Login was unsuccessful'.</msg>
<status status="PASS" starttime="20210326 15:00:55.313" endtime="20210326 15:00:55.334"/>
</kw>
<status status="PASS" starttime="20210326 15:00:55.311" endtime="20210326 15:00:55.334"/>
</kw>
<status status="PASS" starttime="20210326 15:00:53.314" endtime="20210326 15:00:55.335"/>
</kw>
<status status="PASS" starttime="20210326 15:00:53.313" endtime="20210326 15:00:55.335"/>
</test>
<test id="s1-s1-t3" name="Login test with Excel using admin123@admin.com and adm">
<kw name="Invalid Login">
<arg>admin123@admin.com</arg>
<arg>adm</arg>
<kw name="Input User name" library="Login_Resources">
<arg>${username}</arg>
<kw name="Input Text" library="SeleniumLibrary">
<arg>id:Email</arg>
<arg>${username}</arg>
<doc>Types the given ``text`` into text field identified by ``locator``.</doc>
<msg timestamp="20210326 15:00:55.340" level="INFO">Typing text 'admin123@admin.com' into text field 'id:Email'.</msg>
<status status="PASS" starttime="20210326 15:00:55.340" endtime="20210326 15:00:55.557"/>
</kw>
<status status="PASS" starttime="20210326 15:00:55.339" endtime="20210326 15:00:55.557"/>
</kw>
<kw name="Input Password" library="Login_Resources">
<arg>${password}</arg>
<kw name="Input Text" library="SeleniumLibrary">
<arg>id:Password</arg>
<arg>${password}</arg>
<doc>Types the given ``text`` into text field identified by ``locator``.</doc>
<msg timestamp="20210326 15:00:55.559" level="INFO">Typing text 'adm' into text field 'id:Password'.</msg>
<status status="PASS" starttime="20210326 15:00:55.558" endtime="20210326 15:00:55.755"/>
</kw>
<status status="PASS" starttime="20210326 15:00:55.557" endtime="20210326 15:00:55.755"/>
</kw>
<kw name="Click Login Button" library="Login_Resources">
<kw name="Click Element" library="SeleniumLibrary">
<arg>xpath://button[contains(text(),'Log in')]</arg>
<doc>Click element identified by ``locator``.</doc>
<msg timestamp="20210326 15:00:55.757" level="INFO">Clicking element 'xpath://button[contains(text(),'Log in')]'.</msg>
<status status="PASS" starttime="20210326 15:00:55.757" endtime="20210326 15:00:56.933"/>
</kw>
<status status="PASS" starttime="20210326 15:00:55.756" endtime="20210326 15:00:56.934"/>
</kw>
<kw name="Error message should be visible" library="Login_Resources">
<kw name="Page Should Contain" library="SeleniumLibrary">
<arg>Login was unsuccessful</arg>
<doc>Verifies that current page contains ``text``.</doc>
<msg timestamp="20210326 15:00:56.955" level="INFO">Current page contains text 'Login was unsuccessful'.</msg>
<status status="PASS" starttime="20210326 15:00:56.935" endtime="20210326 15:00:56.956"/>
</kw>
<status status="PASS" starttime="20210326 15:00:56.934" endtime="20210326 15:00:56.956"/>
</kw>
<status status="PASS" starttime="20210326 15:00:55.338" endtime="20210326 15:00:56.956"/>
</kw>
<status status="PASS" starttime="20210326 15:00:55.337" endtime="20210326 15:00:56.956"/>
</test>
<kw name="Close Browser" library="Login_Resources" type="TEARDOWN">
<kw name="Close All Browsers" library="SeleniumLibrary">
<doc>Closes all open browsers and resets the browser cache.</doc>
<status status="PASS" starttime="20210326 15:00:56.957" endtime="20210326 15:00:59.331"/>
</kw>
<status status="PASS" starttime="20210326 15:00:56.957" endtime="20210326 15:00:59.332"/>
</kw>
<status status="PASS" starttime="20210326 15:00:42.471" endtime="20210326 15:00:59.332"/>
</suite>
<status status="PASS" starttime="20210326 15:00:42.430" endtime="20210326 15:00:59.335"/>
</suite>
<statistics>
<total>
<stat pass="3" fail="0" skip="0">All Tests</stat>
</total>
<tag>
</tag>
<suite>
<stat pass="3" fail="0" skip="0" id="s1" name="Suites">Suites</stat>
<stat pass="3" fail="0" skip="0" id="s1-s1" name="Datadriventestingusingxls">Suites.Datadriventestingusingxls</stat>
</suite>
</statistics>
<errors>
</errors>
</robot>
