<?xml version="1.0" encoding="UTF-8"?>
<robot generator="Robot 3.2.2 (Python 3.9.2 on win32)" generated="20210329 09:34:32.770" rpa="false">
<suite id="s1" name="Suites">
<suite id="s1-s1" name="Datadriventesting1" source="C:\Users\rvadi\PycharmProjects\pythonProject\Automation\TestCases\datadriventesting1.robot">
<kw name="Open my Browser" library="Login_Resources" type="setup">
<kw name="Open Browser" library="SeleniumLibrary">
<doc>Opens a new browser instance to the given ``url``.</doc>
<arguments>
<arg>${LOGIN URL}</arg>
<arg>${BROWSER}</arg>
</arguments>
<msg timestamp="20210329 09:34:33.221" level="INFO">Opening browser 'headlessChrome' to base url 'https://admin-demo.nopcommerce.com/login'.</msg>
<status status="PASS" starttime="20210329 09:34:33.220" endtime="20210329 09:34:45.216"></status>
</kw>
<kw name="Maximize Browser Window" library="SeleniumLibrary">
<doc>Maximizes current browser window.</doc>
<status status="PASS" starttime="20210329 09:34:45.217" endtime="20210329 09:34:45.342"></status>
</kw>
<status status="PASS" starttime="20210329 09:34:33.220" endtime="20210329 09:34:45.343"></status>
</kw>
<test id="s1-s1-t1" name="Right User Empty Password">
<kw name="Invalid login">
<arguments>
<arg>admin@yourstore.com</arg>
<arg>${EMPTY}</arg>
</arguments>
<kw name="Input User name" library="Login_Resources">
<arguments>
<arg>${username}</arg>
</arguments>
<kw name="Input Text" library="SeleniumLibrary">
<doc>Types the given ``text`` into text field identified by ``locator``.</doc>
<arguments>
<arg>id:Email</arg>
<arg>${username}</arg>
</arguments>
<msg timestamp="20210329 09:34:45.346" level="INFO">Typing text 'admin@yourstore.com' into text field 'id:Email'.</msg>
<status status="PASS" starttime="20210329 09:34:45.346" endtime="20210329 09:34:45.564"></status>
</kw>
<status status="PASS" starttime="20210329 09:34:45.345" endtime="20210329 09:34:45.564"></status>
</kw>
<kw name="Input Password" library="Login_Resources">
<arguments>
<arg>${password}</arg>
</arguments>
<kw name="Input Text" library="SeleniumLibrary">
<doc>Types the given ``text`` into text field identified by ``locator``.</doc>
<arguments>
<arg>id:Password</arg>
<arg>${password}</arg>
</arguments>
<msg timestamp="20210329 09:34:45.566" level="INFO">Typing text '' into text field 'id:Password'.</msg>
<status status="PASS" starttime="20210329 09:34:45.565" endtime="20210329 09:34:45.738"></status>
</kw>
<status status="PASS" starttime="20210329 09:34:45.565" endtime="20210329 09:34:45.739"></status>
</kw>
<kw name="Click Login Button" library="Login_Resources">
<kw name="Click Element" library="SeleniumLibrary">
<doc>Click element identified by ``locator``.</doc>
<arguments>
<arg>xpath://button[contains(text(),'Log in')]</arg>
</arguments>
<msg timestamp="20210329 09:34:45.740" level="INFO">Clicking element 'xpath://button[contains(text(),'Log in')]'.</msg>
<status status="PASS" starttime="20210329 09:34:45.740" endtime="20210329 09:34:46.873"></status>
</kw>
<status status="PASS" starttime="20210329 09:34:45.739" endtime="20210329 09:34:46.873"></status>
</kw>
<kw name="Error message should be visible" library="Login_Resources">
<kw name="Page Should Contain" library="SeleniumLibrary">
<doc>Verifies that current page contains ``text``.</doc>
<arguments>
<arg>Login was unsuccessful</arg>
</arguments>
<msg timestamp="20210329 09:34:46.896" level="INFO">Current page contains text 'Login was unsuccessful'.</msg>
<status status="PASS" starttime="20210329 09:34:46.874" endtime="20210329 09:34:46.896"></status>
</kw>
<status status="PASS" starttime="20210329 09:34:46.873" endtime="20210329 09:34:46.896"></status>
</kw>
<status status="PASS" starttime="20210329 09:34:45.344" endtime="20210329 09:34:46.896"></status>
</kw>
<status status="PASS" starttime="20210329 09:34:45.343" endtime="20210329 09:34:46.897" critical="yes"></status>
</test>
<test id="s1-s1-t2" name="Right User Wrong Password">
<kw name="Invalid login">
<arguments>
<arg>admin@yourstore.com</arg>
<arg>adminn</arg>
</arguments>
<kw name="Input User name" library="Login_Resources">
<arguments>
<arg>${username}</arg>
</arguments>
<kw name="Input Text" library="SeleniumLibrary">
<doc>Types the given ``text`` into text field identified by ``locator``.</doc>
<arguments>
<arg>id:Email</arg>
<arg>${username}</arg>
</arguments>
<msg timestamp="20210329 09:34:46.902" level="INFO">Typing text 'admin@yourstore.com' into text field 'id:Email'.</msg>
<status status="PASS" starttime="20210329 09:34:46.901" endtime="20210329 09:34:47.055"></status>
</kw>
<status status="PASS" starttime="20210329 09:34:46.901" endtime="20210329 09:34:47.055"></status>
</kw>
<kw name="Input Password" library="Login_Resources">
<arguments>
<arg>${password}</arg>
</arguments>
<kw name="Input Text" library="SeleniumLibrary">
<doc>Types the given ``text`` into text field identified by ``locator``.</doc>
<arguments>
<arg>id:Password</arg>
<arg>${password}</arg>
</arguments>
<msg timestamp="20210329 09:34:47.056" level="INFO">Typing text 'adminn' into text field 'id:Password'.</msg>
<status status="PASS" starttime="20210329 09:34:47.056" endtime="20210329 09:34:47.185"></status>
</kw>
<status status="PASS" starttime="20210329 09:34:47.055" endtime="20210329 09:34:47.186"></status>
</kw>
<kw name="Click Login Button" library="Login_Resources">
<kw name="Click Element" library="SeleniumLibrary">
<doc>Click element identified by ``locator``.</doc>
<arguments>
<arg>xpath://button[contains(text(),'Log in')]</arg>
</arguments>
<msg timestamp="20210329 09:34:47.186" level="INFO">Clicking element 'xpath://button[contains(text(),'Log in')]'.</msg>
<status status="PASS" starttime="20210329 09:34:47.186" endtime="20210329 09:34:48.244"></status>
</kw>
<status status="PASS" starttime="20210329 09:34:47.186" endtime="20210329 09:34:48.244"></status>
</kw>
<kw name="Error message should be visible" library="Login_Resources">
<kw name="Page Should Contain" library="SeleniumLibrary">
<doc>Verifies that current page contains ``text``.</doc>
<arguments>
<arg>Login was unsuccessful</arg>
</arguments>
<msg timestamp="20210329 09:34:48.259" level="INFO">Current page contains text 'Login was unsuccessful'.</msg>
<status status="PASS" starttime="20210329 09:34:48.244" endtime="20210329 09:34:48.259"></status>
</kw>
<status status="PASS" starttime="20210329 09:34:48.244" endtime="20210329 09:34:48.259"></status>
</kw>
<status status="PASS" starttime="20210329 09:34:46.899" endtime="20210329 09:34:48.259"></status>
</kw>
<status status="PASS" starttime="20210329 09:34:46.898" endtime="20210329 09:34:48.260" critical="yes"></status>
</test>
<test id="s1-s1-t3" name="Wrong User Wrong Password">
<kw name="Invalid login">
<arguments>
<arg>admi@yourstore.com</arg>
<arg>adminn</arg>
</arguments>
<kw name="Input User name" library="Login_Resources">
<arguments>
<arg>${username}</arg>
</arguments>
<kw name="Input Text" library="SeleniumLibrary">
<doc>Types the given ``text`` into text field identified by ``locator``.</doc>
<arguments>
<arg>id:Email</arg>
<arg>${username}</arg>
</arguments>
<msg timestamp="20210329 09:34:48.262" level="INFO">Typing text 'admi@yourstore.com' into text field 'id:Email'.</msg>
<status status="PASS" starttime="20210329 09:34:48.262" endtime="20210329 09:34:48.420"></status>
</kw>
<status status="PASS" starttime="20210329 09:34:48.261" endtime="20210329 09:34:48.420"></status>
</kw>
<kw name="Input Password" library="Login_Resources">
<arguments>
<arg>${password}</arg>
</arguments>
<kw name="Input Text" library="SeleniumLibrary">
<doc>Types the given ``text`` into text field identified by ``locator``.</doc>
<arguments>
<arg>id:Password</arg>
<arg>${password}</arg>
</arguments>
<msg timestamp="20210329 09:34:48.422" level="INFO">Typing text 'adminn' into text field 'id:Password'.</msg>
<status status="PASS" starttime="20210329 09:34:48.421" endtime="20210329 09:34:48.552"></status>
</kw>
<status status="PASS" starttime="20210329 09:34:48.420" endtime="20210329 09:34:48.552"></status>
</kw>
<kw name="Click Login Button" library="Login_Resources">
<kw name="Click Element" library="SeleniumLibrary">
<doc>Click element identified by ``locator``.</doc>
<arguments>
<arg>xpath://button[contains(text(),'Log in')]</arg>
</arguments>
<msg timestamp="20210329 09:34:48.553" level="INFO">Clicking element 'xpath://button[contains(text(),'Log in')]'.</msg>
<status status="PASS" starttime="20210329 09:34:48.553" endtime="20210329 09:34:49.677"></status>
</kw>
<status status="PASS" starttime="20210329 09:34:48.552" endtime="20210329 09:34:49.678"></status>
</kw>
<kw name="Error message should be visible" library="Login_Resources">
<kw name="Page Should Contain" library="SeleniumLibrary">
<doc>Verifies that current page contains ``text``.</doc>
<arguments>
<arg>Login was unsuccessful</arg>
</arguments>
<msg timestamp="20210329 09:34:49.693" level="INFO">Current page contains text 'Login was unsuccessful'.</msg>
<status status="PASS" starttime="20210329 09:34:49.679" endtime="20210329 09:34:49.693"></status>
</kw>
<status status="PASS" starttime="20210329 09:34:49.678" endtime="20210329 09:34:49.694"></status>
</kw>
<status status="PASS" starttime="20210329 09:34:48.261" endtime="20210329 09:34:49.694"></status>
</kw>
<status status="PASS" starttime="20210329 09:34:48.260" endtime="20210329 09:34:49.694" critical="yes"></status>
</test>
<test id="s1-s1-t4" name="Wrong User Right Password">
<kw name="Invalid login">
<arguments>
<arg>adminn@yourstore.com</arg>
<arg>admin</arg>
</arguments>
<kw name="Input User name" library="Login_Resources">
<arguments>
<arg>${username}</arg>
</arguments>
<kw name="Input Text" library="SeleniumLibrary">
<doc>Types the given ``text`` into text field identified by ``locator``.</doc>
<arguments>
<arg>id:Email</arg>
<arg>${username}</arg>
</arguments>
<msg timestamp="20210329 09:34:49.696" level="INFO">Typing text 'adminn@yourstore.com' into text field 'id:Email'.</msg>
<status status="PASS" starttime="20210329 09:34:49.696" endtime="20210329 09:34:49.823"></status>
</kw>
<status status="PASS" starttime="20210329 09:34:49.696" endtime="20210329 09:34:49.823"></status>
</kw>
<kw name="Input Password" library="Login_Resources">
<arguments>
<arg>${password}</arg>
</arguments>
<kw name="Input Text" library="SeleniumLibrary">
<doc>Types the given ``text`` into text field identified by ``locator``.</doc>
<arguments>
<arg>id:Password</arg>
<arg>${password}</arg>
</arguments>
<msg timestamp="20210329 09:34:49.824" level="INFO">Typing text 'admin' into text field 'id:Password'.</msg>
<status status="PASS" starttime="20210329 09:34:49.824" endtime="20210329 09:34:49.931"></status>
</kw>
<status status="PASS" starttime="20210329 09:34:49.823" endtime="20210329 09:34:49.931"></status>
</kw>
<kw name="Click Login Button" library="Login_Resources">
<kw name="Click Element" library="SeleniumLibrary">
<doc>Click element identified by ``locator``.</doc>
<arguments>
<arg>xpath://button[contains(text(),'Log in')]</arg>
</arguments>
<msg timestamp="20210329 09:34:49.932" level="INFO">Clicking element 'xpath://button[contains(text(),'Log in')]'.</msg>
<status status="PASS" starttime="20210329 09:34:49.932" endtime="20210329 09:34:50.513"></status>
</kw>
<status status="PASS" starttime="20210329 09:34:49.931" endtime="20210329 09:34:50.514"></status>
</kw>
<kw name="Error message should be visible" library="Login_Resources">
<kw name="Page Should Contain" library="SeleniumLibrary">
<doc>Verifies that current page contains ``text``.</doc>
<arguments>
<arg>Login was unsuccessful</arg>
</arguments>
<msg timestamp="20210329 09:34:50.533" level="INFO">Current page contains text 'Login was unsuccessful'.</msg>
<status status="PASS" starttime="20210329 09:34:50.515" endtime="20210329 09:34:50.533"></status>
</kw>
<status status="PASS" starttime="20210329 09:34:50.514" endtime="20210329 09:34:50.533"></status>
</kw>
<status status="PASS" starttime="20210329 09:34:49.695" endtime="20210329 09:34:50.534"></status>
</kw>
<status status="PASS" starttime="20210329 09:34:49.695" endtime="20210329 09:34:50.534" critical="yes"></status>
</test>
<test id="s1-s1-t5" name="Wrong User Empty Password">
<kw name="Invalid login">
<arguments>
<arg>adminn@yourstore.com</arg>
<arg>${EMPTY}</arg>
</arguments>
<kw name="Input User name" library="Login_Resources">
<arguments>
<arg>${username}</arg>
</arguments>
<kw name="Input Text" library="SeleniumLibrary">
<doc>Types the given ``text`` into text field identified by ``locator``.</doc>
<arguments>
<arg>id:Email</arg>
<arg>${username}</arg>
</arguments>
<msg timestamp="20210329 09:34:50.536" level="INFO">Typing text 'adminn@yourstore.com' into text field 'id:Email'.</msg>
<status status="PASS" starttime="20210329 09:34:50.536" endtime="20210329 09:34:50.665"></status>
</kw>
<status status="PASS" starttime="20210329 09:34:50.536" endtime="20210329 09:34:50.665"></status>
</kw>
<kw name="Input Password" library="Login_Resources">
<arguments>
<arg>${password}</arg>
</arguments>
<kw name="Input Text" library="SeleniumLibrary">
<doc>Types the given ``text`` into text field identified by ``locator``.</doc>
<arguments>
<arg>id:Password</arg>
<arg>${password}</arg>
</arguments>
<msg timestamp="20210329 09:34:50.666" level="INFO">Typing text '' into text field 'id:Password'.</msg>
<status status="PASS" starttime="20210329 09:34:50.666" endtime="20210329 09:34:50.768"></status>
</kw>
<status status="PASS" starttime="20210329 09:34:50.666" endtime="20210329 09:34:50.768"></status>
</kw>
<kw name="Click Login Button" library="Login_Resources">
<kw name="Click Element" library="SeleniumLibrary">
<doc>Click element identified by ``locator``.</doc>
<arguments>
<arg>xpath://button[contains(text(),'Log in')]</arg>
</arguments>
<msg timestamp="20210329 09:34:50.769" level="INFO">Clicking element 'xpath://button[contains(text(),'Log in')]'.</msg>
<status status="PASS" starttime="20210329 09:34:50.769" endtime="20210329 09:34:51.149"></status>
</kw>
<status status="PASS" starttime="20210329 09:34:50.768" endtime="20210329 09:34:51.149"></status>
</kw>
<kw name="Error message should be visible" library="Login_Resources">
<kw name="Page Should Contain" library="SeleniumLibrary">
<doc>Verifies that current page contains ``text``.</doc>
<arguments>
<arg>Login was unsuccessful</arg>
</arguments>
<msg timestamp="20210329 09:34:51.165" level="INFO">Current page contains text 'Login was unsuccessful'.</msg>
<status status="PASS" starttime="20210329 09:34:51.151" endtime="20210329 09:34:51.165"></status>
</kw>
<status status="PASS" starttime="20210329 09:34:51.150" endtime="20210329 09:34:51.165"></status>
</kw>
<status status="PASS" starttime="20210329 09:34:50.535" endtime="20210329 09:34:51.166"></status>
</kw>
<status status="PASS" starttime="20210329 09:34:50.534" endtime="20210329 09:34:51.166" critical="yes"></status>
</test>
<kw name="Close Browser" library="Login_Resources" type="teardown">
<kw name="Close All Browsers" library="SeleniumLibrary">
<doc>Closes all open browsers and resets the browser cache.</doc>
<status status="PASS" starttime="20210329 09:34:51.167" endtime="20210329 09:34:53.258"></status>
</kw>
<status status="PASS" starttime="20210329 09:34:51.167" endtime="20210329 09:34:53.258"></status>
</kw>
<status status="PASS" starttime="20210329 09:34:32.809" endtime="20210329 09:34:53.259"></status>
</suite>
<status status="PASS" starttime="20210329 09:34:32.773" endtime="20210329 09:34:53.267"></status>
</suite>
<statistics>
<total>
<stat pass="5" fail="0">Critical Tests</stat>
<stat pass="5" fail="0">All Tests</stat>
</total>
<tag>
</tag>
<suite>
<stat pass="5" fail="0" id="s1" name="Suites">Suites</stat>
<stat pass="5" fail="0" id="s1-s1" name="Datadriventesting1">Suites.Datadriventesting1</stat>
</suite>
</statistics>
<errors>
</errors>
</robot>
